2025-05-16 19:08:13,278 |     INFO |                      root | logger.py:115 | Log directory: C:\Users\Hasbi Ash Shiddiqi\PycharmProjects\NanoDet\vehicle_counter\logs
2025-05-16 19:08:13,279 |     INFO |                      root | start_debug.py:277 | MainWindow imported successfully in 0.43 seconds
2025-05-16 19:08:13,279 |     INFO |                      root | start_debug.py:57 | MEMORY SNAPSHOT (after_mainwindow_import): RSS: N/A, VMS: N/A
2025-05-16 19:08:13,280 |     INFO |                      root | start_debug.py:287 | Creating MainWindow instance...
2025-05-16 19:08:13,283 |     INFO |      utils.preset_manager | preset_manager.py:73 | Loaded information for 2 presets
2025-05-16 19:08:14,325 |     INFO |      utils.device_manager | device_manager.py:35 | OpenVINO version: 2025.1.0-18503-6fec06580ab-releases/2025/1
2025-05-16 19:08:14,326 |     INFO |      utils.device_manager | device_manager.py:36 | Available devices: ['CPU', 'GPU']
2025-05-16 19:08:14,354 |     INFO |      utils.preset_manager | preset_manager.py:73 | Loaded information for 2 presets
2025-05-16 19:08:14,355 |     INFO | ui.components.main_window | main_window.py:118 | Main window initialized
2025-05-16 19:08:14,368 |     INFO |                      root | start_debug.py:328 | Added video_processor_start method to MainWindow
2025-05-16 19:08:14,368 |     INFO |                      root | start_debug.py:332 | MainWindow instance created successfully
2025-05-16 19:08:14,369 |     INFO |                      root | start_debug.py:57 | MEMORY SNAPSHOT (after_mainwindow_create): RSS: N/A, VMS: N/A
2025-05-16 19:08:14,435 |     INFO |                      root | start_debug.py:356 | MainWindow displayed
2025-05-16 19:08:14,436 |     INFO |                      root | start_debug.py:57 | MEMORY SNAPSHOT (after_mainwindow_show): RSS: N/A, VMS: N/A
2025-05-16 19:08:14,437 |     INFO |                      root | start_debug.py:387 | Debug toolbar added
2025-05-16 19:08:14,437 |     INFO |                      root | start_debug.py:392 | Starting event loop...
2025-05-16 19:08:18,112 |     INFO |      utils.preset_manager | preset_manager.py:166 | Loaded preset from C:/Users/Hasbi Ash Shiddiqi/PycharmProjects/NanoDet/vehicle_counter/config/presets/gasibu.json
2025-05-16 19:08:20,005 |     INFO |                      root | main_window.py:708 | Starting video processing directly
2025-05-16 19:08:20,014 |     INFO |          core.roi_manager | roi_manager.py:54 | ROI Manager initialized
2025-05-16 19:08:28,484 |     INFO |              core.counter | counter.py:42 | Vehicle counter initialized
2025-05-16 19:08:28,485 |     INFO |                      root | main_window.py:716 | VehicleCounterGUI instance created
2025-05-16 19:08:28,510 |     INFO |              core.counter | counter.py:312 | Counter reset
2025-05-16 19:08:28,510 |     INFO |                      root | main_window.py:743 | Video processing started successfully
2025-05-16 19:08:31,142 | CRITICAL |                      root | start_debug.py:265 | Unhandled exception:
Traceback (most recent call last):
  File "C:\Users\Hasbi Ash Shiddiqi\PycharmProjects\NanoDet\vehicle_counter\ui\gui_app.py", line 460, in on_processing_error
    @pyqtSlot(str)
    
KeyboardInterrupt
2025-05-18 19:51:16,146 |     INFO |                      root | logger.py:115 | Log directory: C:\Users\Hasbi Ash Shiddiqi\PycharmProjects\NanoDet\vehicle_counter\logs
2025-05-18 19:51:16,147 |     INFO |                      root | start_debug.py:277 | MainWindow imported successfully in 0.46 seconds
2025-05-18 19:51:16,148 |     INFO |                      root | start_debug.py:57 | MEMORY SNAPSHOT (after_mainwindow_import): RSS: N/A, VMS: N/A
2025-05-18 19:51:16,148 |     INFO |                      root | start_debug.py:287 | Creating MainWindow instance...
2025-05-18 19:51:16,168 |     INFO |      utils.preset_manager | preset_manager.py:73 | Loaded information for 2 presets
2025-05-18 19:51:17,996 |     INFO |      utils.device_manager | device_manager.py:35 | OpenVINO version: 2025.1.0-18503-6fec06580ab-releases/2025/1
2025-05-18 19:51:17,997 |     INFO |      utils.device_manager | device_manager.py:36 | Available devices: ['CPU', 'GPU']
2025-05-18 19:51:18,053 |     INFO |      utils.preset_manager | preset_manager.py:73 | Loaded information for 2 presets
2025-05-18 19:51:18,055 |     INFO | ui.components.main_window | main_window.py:118 | Main window initialized
2025-05-18 19:51:18,066 |     INFO |                      root | start_debug.py:328 | Added video_processor_start method to MainWindow
2025-05-18 19:51:18,066 |     INFO |                      root | start_debug.py:332 | MainWindow instance created successfully
2025-05-18 19:51:18,067 |     INFO |                      root | start_debug.py:57 | MEMORY SNAPSHOT (after_mainwindow_create): RSS: N/A, VMS: N/A
2025-05-18 19:51:18,120 |     INFO |                      root | start_debug.py:356 | MainWindow displayed
2025-05-18 19:51:18,121 |     INFO |                      root | start_debug.py:57 | MEMORY SNAPSHOT (after_mainwindow_show): RSS: N/A, VMS: N/A
2025-05-18 19:51:18,123 |     INFO |                      root | start_debug.py:387 | Debug toolbar added
2025-05-18 19:51:18,123 |     INFO |                      root | start_debug.py:392 | Starting event loop...
2025-05-18 19:51:27,221 |     INFO |                      root | start_debug.py:394 | Application exiting with code: 0
2025-05-18 19:52:45,146 |     INFO |                      root | logger.py:115 | Log directory: C:\Users\Hasbi Ash Shiddiqi\PycharmProjects\NanoDet\vehicle_counter\logs
2025-05-18 19:52:45,147 |     INFO |                      root | start_debug.py:277 | MainWindow imported successfully in 0.27 seconds
2025-05-18 19:52:45,147 |     INFO |                      root | start_debug.py:57 | MEMORY SNAPSHOT (after_mainwindow_import): RSS: N/A, VMS: N/A
2025-05-18 19:52:45,147 |     INFO |                      root | start_debug.py:287 | Creating MainWindow instance...
2025-05-18 19:52:45,150 |     INFO |      utils.preset_manager | preset_manager.py:73 | Loaded information for 2 presets
2025-05-18 19:52:45,911 |     INFO |      utils.device_manager | device_manager.py:35 | OpenVINO version: 2025.1.0-18503-6fec06580ab-releases/2025/1
2025-05-18 19:52:45,911 |     INFO |      utils.device_manager | device_manager.py:36 | Available devices: ['CPU', 'GPU']
2025-05-18 19:52:45,931 |     INFO |      utils.preset_manager | preset_manager.py:73 | Loaded information for 2 presets
2025-05-18 19:52:45,932 |     INFO | ui.components.main_window | main_window.py:118 | Main window initialized
2025-05-18 19:52:45,939 |     INFO |                      root | start_debug.py:328 | Added video_processor_start method to MainWindow
2025-05-18 19:52:45,939 |     INFO |                      root | start_debug.py:332 | MainWindow instance created successfully
2025-05-18 19:52:45,940 |     INFO |                      root | start_debug.py:57 | MEMORY SNAPSHOT (after_mainwindow_create): RSS: N/A, VMS: N/A
2025-05-18 19:52:45,982 |     INFO |                      root | start_debug.py:356 | MainWindow displayed
2025-05-18 19:52:45,983 |     INFO |                      root | start_debug.py:57 | MEMORY SNAPSHOT (after_mainwindow_show): RSS: N/A, VMS: N/A
2025-05-18 19:52:45,984 |     INFO |                      root | start_debug.py:387 | Debug toolbar added
2025-05-18 19:52:45,984 |     INFO |                      root | start_debug.py:392 | Starting event loop...
2025-05-18 20:00:05,655 |     INFO |                      root | start_debug.py:394 | Application exiting with code: 0
2025-05-18 20:01:49,910 |     INFO |                      root | logger.py:115 | Log directory: C:\Users\Hasbi Ash Shiddiqi\PycharmProjects\NanoDet\vehicle_counter\logs
2025-05-18 20:01:49,912 |     INFO |                      root | start_debug.py:390 | MainWindow imported successfully in 0.88 seconds
2025-05-18 20:01:49,913 |     INFO |                      root | start_debug.py:64 | MEMORY SNAPSHOT (after_mainwindow_import): RSS: N/A, VMS: N/A
2025-05-18 20:01:49,914 |     INFO |                      root | start_debug.py:400 | Creating MainWindow instance...
2025-05-18 20:01:49,919 |     INFO |      utils.preset_manager | preset_manager.py:73 | Loaded information for 2 presets
2025-05-18 20:01:51,679 |     INFO |      utils.device_manager | device_manager.py:35 | OpenVINO version: 2025.1.0-18503-6fec06580ab-releases/2025/1
2025-05-18 20:01:51,680 |     INFO |      utils.device_manager | device_manager.py:36 | Available devices: ['CPU', 'GPU']
2025-05-18 20:01:51,711 |     INFO |      utils.preset_manager | preset_manager.py:73 | Loaded information for 2 presets
2025-05-18 20:01:51,713 |     INFO | ui.components.main_window | main_window.py:118 | Main window initialized
2025-05-18 20:01:51,723 |     INFO |                      root | start_debug.py:325 | Added video_processor_start method to MainWindow
2025-05-18 20:01:51,723 |     INFO |                      root | start_debug.py:408 | MainWindow instance created successfully
2025-05-18 20:01:51,724 |     INFO |                      root | start_debug.py:64 | MEMORY SNAPSHOT (after_mainwindow_create): RSS: N/A, VMS: N/A
2025-05-18 20:01:51,784 |     INFO |                      root | start_debug.py:433 | MainWindow displayed
2025-05-18 20:01:51,785 |     INFO |                      root | start_debug.py:64 | MEMORY SNAPSHOT (after_mainwindow_show): RSS: N/A, VMS: N/A
2025-05-18 20:01:51,788 |     INFO |                      root | start_debug.py:270 | Debug toolbar added
2025-05-18 20:01:51,788 |     INFO |                      root | start_debug.py:446 | Starting event loop...
2025-05-18 20:01:59,431 |     INFO |      utils.preset_manager | preset_manager.py:166 | Loaded preset from C:/Users/Hasbi Ash Shiddiqi/PycharmProjects/NanoDet/vehicle_counter/config/presets/gasibu.json
2025-05-18 20:02:03,630 |     INFO |                      root | main_window.py:708 | Starting video processing directly
2025-05-18 20:02:03,638 |     INFO |          core.roi_manager | roi_manager.py:54 | ROI Manager initialized
2025-05-18 20:02:12,339 |     INFO |              core.counter | counter.py:42 | Vehicle counter initialized
2025-05-18 20:02:12,341 |     INFO |                      root | main_window.py:716 | VehicleCounterGUI instance created
2025-05-18 20:02:12,600 |     INFO |              core.counter | counter.py:312 | Counter reset
2025-05-18 20:02:12,601 |     INFO |                      root | main_window.py:743 | Video processing started successfully
2025-05-18 20:02:13,382 | CRITICAL |                      root | start_debug.py:278 | Unhandled exception:
Traceback (most recent call last):
  File "C:\Users\Hasbi Ash Shiddiqi\PycharmProjects\NanoDet\vehicle_counter\ui\gui_app.py", line 460, in on_processing_error
    @pyqtSlot(str)
    
KeyboardInterrupt
2025-05-18 20:07:23,789 |     INFO |                      root | logger.py:115 | Log directory: C:\Users\Hasbi Ash Shiddiqi\PycharmProjects\NanoDet\vehicle_counter\logs
2025-05-18 20:07:23,790 |     INFO |                      root | start_debug.py:390 | MainWindow imported successfully in 0.39 seconds
2025-05-18 20:07:23,791 |     INFO |                      root | start_debug.py:64 | MEMORY SNAPSHOT (after_mainwindow_import): RSS: N/A, VMS: N/A
2025-05-18 20:07:23,791 |     INFO |                      root | start_debug.py:400 | Creating MainWindow instance...
2025-05-18 20:07:23,794 |     INFO |      utils.preset_manager | preset_manager.py:73 | Loaded information for 2 presets
2025-05-18 20:07:24,779 |     INFO |      utils.device_manager | device_manager.py:35 | OpenVINO version: 2025.1.0-18503-6fec06580ab-releases/2025/1
2025-05-18 20:07:24,780 |     INFO |      utils.device_manager | device_manager.py:36 | Available devices: ['CPU', 'GPU']
2025-05-18 20:07:24,802 |     INFO |      utils.preset_manager | preset_manager.py:73 | Loaded information for 2 presets
2025-05-18 20:07:24,805 |     INFO | ui.components.main_window | main_window.py:131 | Main window initialized
2025-05-18 20:07:24,812 |     INFO |                      root | start_debug.py:325 | Added video_processor_start method to MainWindow
2025-05-18 20:07:24,812 |     INFO |                      root | start_debug.py:408 | MainWindow instance created successfully
2025-05-18 20:07:24,813 |     INFO |                      root | start_debug.py:64 | MEMORY SNAPSHOT (after_mainwindow_create): RSS: N/A, VMS: N/A
2025-05-18 20:07:24,858 |     INFO |                      root | start_debug.py:433 | MainWindow displayed
2025-05-18 20:07:24,859 |     INFO |                      root | start_debug.py:64 | MEMORY SNAPSHOT (after_mainwindow_show): RSS: N/A, VMS: N/A
2025-05-18 20:07:24,860 |     INFO |                      root | start_debug.py:270 | Debug toolbar added
2025-05-18 20:07:24,860 |     INFO |                      root | start_debug.py:446 | Starting event loop...
2025-05-18 20:07:31,151 |     INFO |      utils.preset_manager | preset_manager.py:166 | Loaded preset from C:/Users/Hasbi Ash Shiddiqi/PycharmProjects/NanoDet/vehicle_counter/config/presets/gasibu.json
2025-05-18 20:07:34,043 |     INFO |                      root | main_window.py:827 | Starting video processing directly
2025-05-18 20:07:34,051 |     INFO |          core.roi_manager | roi_manager.py:54 | ROI Manager initialized
2025-05-18 20:07:42,424 |     INFO |              core.counter | counter.py:42 | Vehicle counter initialized
2025-05-18 20:07:42,426 |     INFO |                      root | main_window.py:835 | VehicleCounterGUI instance created
2025-05-18 20:07:42,473 |     INFO |              core.counter | counter.py:312 | Counter reset
2025-05-18 20:07:42,474 |     INFO |                      root | main_window.py:851 | Video processing started successfully
2025-05-18 20:07:43,532 | CRITICAL |                      root | start_debug.py:278 | Unhandled exception:
Traceback (most recent call last):
  File "C:\Users\Hasbi Ash Shiddiqi\PycharmProjects\NanoDet\vehicle_counter\ui\gui_app.py", line 460, in on_processing_error
    @pyqtSlot(str)
    
KeyboardInterrupt
2025-05-18 20:13:00,024 |     INFO |                      root | logger.py:115 | Log directory: C:\Users\Hasbi Ash Shiddiqi\PycharmProjects\NanoDet\vehicle_counter\logs
2025-05-18 20:13:00,024 |     INFO |                      root | start_debug.py:390 | MainWindow imported successfully in 0.29 seconds
2025-05-18 20:13:00,025 |     INFO |                      root | start_debug.py:64 | MEMORY SNAPSHOT (after_mainwindow_import): RSS: N/A, VMS: N/A
2025-05-18 20:13:00,025 |     INFO |                      root | start_debug.py:400 | Creating MainWindow instance...
2025-05-18 20:13:00,028 |     INFO |      utils.preset_manager | preset_manager.py:73 | Loaded information for 2 presets
2025-05-18 20:13:00,907 |     INFO |      utils.device_manager | device_manager.py:35 | OpenVINO version: 2025.1.0-18503-6fec06580ab-releases/2025/1
2025-05-18 20:13:00,907 |     INFO |      utils.device_manager | device_manager.py:36 | Available devices: ['CPU', 'GPU']
2025-05-18 20:13:00,930 |     INFO |      utils.preset_manager | preset_manager.py:73 | Loaded information for 2 presets
2025-05-18 20:13:00,932 |     INFO | ui.components.main_window | main_window.py:131 | Main window initialized
2025-05-18 20:13:00,939 |     INFO |                      root | start_debug.py:325 | Added video_processor_start method to MainWindow
2025-05-18 20:13:00,940 |     INFO |                      root | start_debug.py:408 | MainWindow instance created successfully
2025-05-18 20:13:00,940 |     INFO |                      root | start_debug.py:64 | MEMORY SNAPSHOT (after_mainwindow_create): RSS: N/A, VMS: N/A
2025-05-18 20:13:00,984 |     INFO |                      root | start_debug.py:433 | MainWindow displayed
2025-05-18 20:13:00,985 |     INFO |                      root | start_debug.py:64 | MEMORY SNAPSHOT (after_mainwindow_show): RSS: N/A, VMS: N/A
2025-05-18 20:13:00,987 |     INFO |                      root | start_debug.py:270 | Debug toolbar added
2025-05-18 20:13:00,988 |     INFO |                      root | start_debug.py:446 | Starting event loop...
2025-05-18 20:13:16,722 |     INFO |                      root | start_debug.py:448 | Application exiting with code: 0
2025-05-18 20:13:58,729 |     INFO |                      root | logger.py:115 | Log directory: C:\Users\Hasbi Ash Shiddiqi\PycharmProjects\NanoDet\vehicle_counter\logs
2025-05-18 20:13:58,730 |     INFO |                      root | start_debug.py:390 | MainWindow imported successfully in 0.47 seconds
2025-05-18 20:13:58,731 |     INFO |                      root | start_debug.py:64 | MEMORY SNAPSHOT (after_mainwindow_import): RSS: N/A, VMS: N/A
2025-05-18 20:13:58,731 |     INFO |                      root | start_debug.py:400 | Creating MainWindow instance...
2025-05-18 20:13:58,735 |     INFO |      utils.preset_manager | preset_manager.py:73 | Loaded information for 2 presets
2025-05-18 20:13:59,862 |     INFO |      utils.device_manager | device_manager.py:35 | OpenVINO version: 2025.1.0-18503-6fec06580ab-releases/2025/1
2025-05-18 20:13:59,862 |     INFO |      utils.device_manager | device_manager.py:36 | Available devices: ['CPU', 'GPU']
2025-05-18 20:13:59,885 |     INFO |      utils.preset_manager | preset_manager.py:73 | Loaded information for 2 presets
2025-05-18 20:13:59,887 |     INFO | ui.components.main_window | main_window.py:131 | Main window initialized
2025-05-18 20:13:59,897 |     INFO |                      root | start_debug.py:325 | Added video_processor_start method to MainWindow
2025-05-18 20:13:59,897 |     INFO |                      root | start_debug.py:408 | MainWindow instance created successfully
2025-05-18 20:13:59,898 |     INFO |                      root | start_debug.py:64 | MEMORY SNAPSHOT (after_mainwindow_create): RSS: N/A, VMS: N/A
2025-05-18 20:13:59,944 |     INFO |                      root | start_debug.py:433 | MainWindow displayed
2025-05-18 20:13:59,945 |     INFO |                      root | start_debug.py:64 | MEMORY SNAPSHOT (after_mainwindow_show): RSS: N/A, VMS: N/A
2025-05-18 20:13:59,946 |     INFO |                      root | start_debug.py:270 | Debug toolbar added
2025-05-18 20:13:59,946 |     INFO |                      root | start_debug.py:446 | Starting event loop...
2025-05-18 20:14:03,087 |     INFO |      utils.preset_manager | preset_manager.py:166 | Loaded preset from C:/Users/Hasbi Ash Shiddiqi/PycharmProjects/NanoDet/vehicle_counter/config/presets/gasibu.json
2025-05-18 20:14:05,396 |     INFO |                      root | main_window.py:827 | Starting video processing directly
2025-05-18 20:14:05,416 |     INFO |          core.roi_manager | roi_manager.py:54 | ROI Manager initialized
2025-05-18 20:14:12,822 |     INFO |              core.counter | counter.py:42 | Vehicle counter initialized
2025-05-18 20:14:12,823 |     INFO |                      root | main_window.py:835 | VehicleCounterGUI instance created
2025-05-18 20:14:12,850 |     INFO |              core.counter | counter.py:312 | Counter reset
2025-05-18 20:14:12,851 |     INFO |                      root | main_window.py:851 | Video processing started successfully
2025-05-18 20:15:37,158 |     INFO |                      root | logger.py:115 | Log directory: C:\Users\Hasbi Ash Shiddiqi\PycharmProjects\NanoDet\vehicle_counter\logs
2025-05-18 20:15:37,159 |     INFO |                      root | start_debug.py:390 | MainWindow imported successfully in 0.36 seconds
2025-05-18 20:15:37,160 |     INFO |                      root | start_debug.py:64 | MEMORY SNAPSHOT (after_mainwindow_import): RSS: N/A, VMS: N/A
2025-05-18 20:15:37,160 |     INFO |                      root | start_debug.py:400 | Creating MainWindow instance...
2025-05-18 20:15:37,163 |     INFO |      utils.preset_manager | preset_manager.py:73 | Loaded information for 2 presets
2025-05-18 20:15:40,426 |     INFO |      utils.device_manager | device_manager.py:35 | OpenVINO version: 2025.1.0-18503-6fec06580ab-releases/2025/1
2025-05-18 20:15:40,427 |     INFO |      utils.device_manager | device_manager.py:36 | Available devices: ['CPU', 'GPU']
2025-05-18 20:15:40,459 |     INFO |      utils.preset_manager | preset_manager.py:73 | Loaded information for 2 presets
2025-05-18 20:15:40,461 |     INFO | ui.components.main_window | main_window.py:131 | Main window initialized
2025-05-18 20:15:40,482 |     INFO |                      root | start_debug.py:325 | Added video_processor_start method to MainWindow
2025-05-18 20:15:40,482 |     INFO |                      root | start_debug.py:408 | MainWindow instance created successfully
2025-05-18 20:15:40,483 |     INFO |                      root | start_debug.py:64 | MEMORY SNAPSHOT (after_mainwindow_create): RSS: N/A, VMS: N/A
2025-05-18 20:15:40,529 |     INFO |                      root | start_debug.py:433 | MainWindow displayed
2025-05-18 20:15:40,530 |     INFO |                      root | start_debug.py:64 | MEMORY SNAPSHOT (after_mainwindow_show): RSS: N/A, VMS: N/A
2025-05-18 20:15:40,531 |     INFO |                      root | start_debug.py:270 | Debug toolbar added
2025-05-18 20:15:40,532 |     INFO |                      root | start_debug.py:446 | Starting event loop...
2025-05-18 20:15:45,061 |     INFO |      utils.preset_manager | preset_manager.py:166 | Loaded preset from C:/Users/Hasbi Ash Shiddiqi/PycharmProjects/NanoDet/vehicle_counter/config/presets/gasibu.json
2025-05-18 20:15:47,941 |     INFO |                      root | main_window.py:827 | Starting video processing directly
2025-05-18 20:15:47,949 |     INFO |          core.roi_manager | roi_manager.py:54 | ROI Manager initialized
2025-05-18 20:15:55,160 |     INFO |              core.counter | counter.py:42 | Vehicle counter initialized
2025-05-18 20:15:55,161 |     INFO |                      root | main_window.py:835 | VehicleCounterGUI instance created
2025-05-18 20:15:55,184 |     INFO |              core.counter | counter.py:312 | Counter reset
2025-05-18 20:15:55,184 |     INFO |                      root | main_window.py:851 | Video processing started successfully
2025-05-18 20:16:05,445 | CRITICAL |                      root | start_debug.py:278 | Unhandled exception:
Traceback (most recent call last):
  File "C:\Users\Hasbi Ash Shiddiqi\PycharmProjects\NanoDet\vehicle_counter\ui\gui_app.py", line 397, in update_ui
    def update_ui(self):
    
KeyboardInterrupt
2025-05-18 20:17:07,540 |     INFO | ui.components.main_window | main_window.py:1024 | Processing stopped during window close
2025-05-18 20:17:07,565 |     INFO |                      root | start_debug.py:448 | Application exiting with code: 0
2025-05-18 20:17:21,385 |     INFO |                      root | logger.py:115 | Log directory: C:\Users\Hasbi Ash Shiddiqi\PycharmProjects\NanoDet\vehicle_counter\logs
2025-05-18 20:17:21,386 |     INFO |                      root | start_debug.py:390 | MainWindow imported successfully in 0.30 seconds
2025-05-18 20:17:21,387 |     INFO |                      root | start_debug.py:64 | MEMORY SNAPSHOT (after_mainwindow_import): RSS: N/A, VMS: N/A
2025-05-18 20:17:21,387 |     INFO |                      root | start_debug.py:400 | Creating MainWindow instance...
2025-05-18 20:17:21,390 |     INFO |      utils.preset_manager | preset_manager.py:73 | Loaded information for 2 presets
2025-05-18 20:17:22,366 |     INFO |      utils.device_manager | device_manager.py:35 | OpenVINO version: 2025.1.0-18503-6fec06580ab-releases/2025/1
2025-05-18 20:17:22,367 |     INFO |      utils.device_manager | device_manager.py:36 | Available devices: ['CPU', 'GPU']
2025-05-18 20:17:22,394 |     INFO |      utils.preset_manager | preset_manager.py:73 | Loaded information for 2 presets
2025-05-18 20:17:22,396 |     INFO | ui.components.main_window | main_window.py:131 | Main window initialized
2025-05-18 20:17:22,404 |     INFO |                      root | start_debug.py:325 | Added video_processor_start method to MainWindow
2025-05-18 20:17:22,405 |     INFO |                      root | start_debug.py:408 | MainWindow instance created successfully
2025-05-18 20:17:22,405 |     INFO |                      root | start_debug.py:64 | MEMORY SNAPSHOT (after_mainwindow_create): RSS: N/A, VMS: N/A
2025-05-18 20:17:22,433 |     INFO |                      root | start_debug.py:433 | MainWindow displayed
2025-05-18 20:17:22,434 |     INFO |                      root | start_debug.py:64 | MEMORY SNAPSHOT (after_mainwindow_show): RSS: N/A, VMS: N/A
2025-05-18 20:17:22,435 |     INFO |                      root | start_debug.py:270 | Debug toolbar added
2025-05-18 20:17:22,435 |     INFO |                      root | start_debug.py:446 | Starting event loop...
2025-05-18 20:17:26,485 |     INFO |      utils.preset_manager | preset_manager.py:166 | Loaded preset from C:/Users/Hasbi Ash Shiddiqi/PycharmProjects/NanoDet/vehicle_counter/config/presets/gasibu.json
2025-05-18 20:17:28,646 |     INFO |                      root | main_window.py:827 | Starting video processing directly
2025-05-18 20:17:28,654 |     INFO |          core.roi_manager | roi_manager.py:54 | ROI Manager initialized
2025-05-18 20:17:36,186 |     INFO |              core.counter | counter.py:42 | Vehicle counter initialized
2025-05-18 20:17:36,187 |     INFO |                      root | main_window.py:835 | VehicleCounterGUI instance created
2025-05-18 20:17:36,214 |     INFO |              core.counter | counter.py:312 | Counter reset
2025-05-18 20:17:36,214 |     INFO |                      root | main_window.py:851 | Video processing started successfully
2025-05-18 20:17:45,377 | CRITICAL |                      root | start_debug.py:278 | Unhandled exception:
Traceback (most recent call last):
  File "C:\Users\Hasbi Ash Shiddiqi\PycharmProjects\NanoDet\vehicle_counter\ui\gui_app.py", line 397, in update_ui
    def update_ui(self):
    
KeyboardInterrupt
2025-05-18 20:18:00,855 |     INFO | ui.components.main_window | main_window.py:1024 | Processing stopped during window close
2025-05-18 20:18:00,890 |     INFO |                      root | start_debug.py:448 | Application exiting with code: 0
2025-05-18 20:23:09,408 |     INFO |                      root | logger.py:115 | Log directory: C:\Users\Hasbi Ash Shiddiqi\PycharmProjects\NanoDet\vehicle_counter\logs
2025-05-18 20:23:09,409 |     INFO |                      root | start_debug.py:390 | MainWindow imported successfully in 0.33 seconds
2025-05-18 20:23:09,410 |     INFO |                      root | start_debug.py:64 | MEMORY SNAPSHOT (after_mainwindow_import): RSS: N/A, VMS: N/A
2025-05-18 20:23:09,410 |     INFO |                      root | start_debug.py:400 | Creating MainWindow instance...
2025-05-18 20:23:09,413 |     INFO |      utils.preset_manager | preset_manager.py:73 | Loaded information for 2 presets
2025-05-18 20:23:10,324 |     INFO |      utils.device_manager | device_manager.py:35 | OpenVINO version: 2025.1.0-18503-6fec06580ab-releases/2025/1
2025-05-18 20:23:10,324 |     INFO |      utils.device_manager | device_manager.py:36 | Available devices: ['CPU', 'GPU']
2025-05-18 20:23:10,346 |     INFO |      utils.preset_manager | preset_manager.py:73 | Loaded information for 2 presets
2025-05-18 20:23:10,347 |     INFO | ui.components.main_window | main_window.py:131 | Main window initialized
2025-05-18 20:23:10,361 |     INFO |                      root | start_debug.py:325 | Added video_processor_start method to MainWindow
2025-05-18 20:23:10,361 |     INFO |                      root | start_debug.py:408 | MainWindow instance created successfully
2025-05-18 20:23:10,361 |     INFO |                      root | start_debug.py:64 | MEMORY SNAPSHOT (after_mainwindow_create): RSS: N/A, VMS: N/A
2025-05-18 20:23:10,409 |     INFO |                      root | start_debug.py:433 | MainWindow displayed
2025-05-18 20:23:10,410 |     INFO |                      root | start_debug.py:64 | MEMORY SNAPSHOT (after_mainwindow_show): RSS: N/A, VMS: N/A
2025-05-18 20:23:10,411 |     INFO |                      root | start_debug.py:270 | Debug toolbar added
2025-05-18 20:23:10,411 |     INFO |                      root | start_debug.py:446 | Starting event loop...
2025-05-18 20:23:14,621 |     INFO |      utils.preset_manager | preset_manager.py:166 | Loaded preset from C:/Users/Hasbi Ash Shiddiqi/PycharmProjects/NanoDet/vehicle_counter/config/presets/gasibu.json
2025-05-18 20:23:16,425 |     INFO |                      root | main_window.py:827 | Starting video processing directly
2025-05-18 20:23:16,433 |     INFO |          core.roi_manager | roi_manager.py:54 | ROI Manager initialized
2025-05-18 20:23:23,873 |     INFO |              core.counter | counter.py:42 | Vehicle counter initialized
2025-05-18 20:23:23,874 |     INFO |                      root | main_window.py:835 | VehicleCounterGUI instance created
2025-05-18 20:23:23,899 |     INFO |              core.counter | counter.py:312 | Counter reset
2025-05-18 20:23:23,899 |     INFO |                ui.gui_app | gui_app.py:522 | Connecting thread signals
2025-05-18 20:23:23,899 |     INFO |                ui.gui_app | gui_app.py:530 | Connected frame_processed signal
2025-05-18 20:23:23,900 |     INFO |                ui.gui_app | gui_app.py:536 | Connected processing_finished signal
2025-05-18 20:23:23,900 |     INFO |                ui.gui_app | gui_app.py:542 | Connected error_occurred signal
2025-05-18 20:23:23,900 |     INFO |                      root | main_window.py:851 | Video processing started successfully
2025-05-18 20:23:23,932 |     INFO |                ui.gui_app | gui_app.py:117 | Starting frame processing loop
2025-05-18 20:23:32,286 | CRITICAL |                      root | start_debug.py:278 | Unhandled exception:
Traceback (most recent call last):
  File "C:\Users\Hasbi Ash Shiddiqi\PycharmProjects\NanoDet\vehicle_counter\ui\gui_app.py", line 422, in update_ui
    def update_ui(self):
    
KeyboardInterrupt
